<?xml version="1.0" encoding="UTF-8"?>
<!-- Generated by org.testng.reporters.JUnitReportReporter -->
<testsuite hostname="LAPTOP-O5N2FL09" failures="0" tests="7" name="pageObjectsTests.LoginToAppFactory" time="73.762" errors="0" timestamp="2023-11-24T23:10:31 EST" skipped="0">
  <testcase classname="pageObjectsTests.LoginToAppFactory" name="loginToApp_incorrectCredentials_failedLogin" time="7.356"/>
  <system-out/>
  <testcase classname="pageObjectsTests.LoginToAppFactory" name="loginToApp_correctCredentials_successfulLogin" time="17.625"/>
  <system-out/>
  <testcase classname="pageObjectsTests.LoginToAppFactory" name="loginToApp_correctCredentials_successfulLogin4" time="11.518"/>
  <system-out/>
  <testcase classname="pageObjectsTests.LoginToAppFactory" name="loginToApp_correctCredentials_successfulLogin5" time="8.255"/>
  <system-out/>
  <testcase classname="pageObjectsTests.LoginToAppFactory" name="loginToApp_correctCredentials_successfulLogin3" time="9.289"/>
  <system-out/>
  <testcase classname="pageObjectsTests.LoginToAppFactory" name="loginToApp_correctCredentials_successfulLogin2" time="10.210"/>
  <system-out/>
  <testcase classname="pageObjectsTests.LoginToAppFactory" name="loginToApp_correctCredentials_successfulLogin1" time="9.509"/>
  <system-out/>
</testsuite> <!-- pageObjectsTests.LoginToAppFactory -->
