<?xml version="1.0" encoding="UTF-8"?>
<!-- Generated by org.testng.reporters.JUnitReportReporter -->
<testsuite hostname="LAPTOP-O5N2FL09" failures="0" tests="16" name="pageObjectsTests.LoginToApp" time="152.296" errors="0" timestamp="2023-11-24T23:10:31 EST" skipped="3">
  <testcase classname="pageObjectsTests.LoginToApp" name="loginToApp_incorrectCredentials_failedLogin3" time="16.074"/>
  <system-out/>
  <testcase classname="pageObjectsTests.LoginToApp" name="loginToApp_correctCredentials_successfulLogin4" time="10.541"/>
  <system-out/>
  <testcase classname="pageObjectsTests.LoginToApp" name="loginToApp_correctCredentials_successfulLogin1" time="8.315"/>
  <system-out/>
  <testcase classname="pageObjectsTests.LoginToApp" name="loginToApp_incorrectCredentials_failedLogin5" time="6.774"/>
  <system-out/>
  <testcase classname="pageObjectsTests.LoginToApp" name="loginToApp_correctCredentials_successfulLogin2" time="8.695"/>
  <system-out/>
  <testcase classname="pageObjectsTests.LoginToApp" name="loginToApp_correctCredentials_successfulLogin5" time="7.702"/>
  <system-out/>
  <testcase classname="pageObjectsTests.LoginToApp" name="flakyTest" time="10.614">
    <skipped/>
  </testcase> <!-- flakyTest -->
  <system-out/>
  <testcase classname="pageObjectsTests.LoginToApp" name="loginToApp_incorrectCredentials_failedLogin2" time="9.740"/>
  <system-out/>
  <testcase classname="pageObjectsTests.LoginToApp" name="flakyTest" time="4.937"/>
  <system-out/>
  <testcase classname="pageObjectsTests.LoginToApp" name="flakyTest" time="5.966">
    <skipped/>
  </testcase> <!-- flakyTest -->
  <system-out/>
  <testcase classname="pageObjectsTests.LoginToApp" name="loginToApp_incorrectCredentials_failedLogin4" time="8.297"/>
  <system-out/>
  <testcase classname="pageObjectsTests.LoginToApp" name="loginToApp_incorrectCredentials_failedLogin1" time="12.990"/>
  <system-out/>
  <testcase classname="pageObjectsTests.LoginToApp" name="loginToApp_correctCredentials_successfulLogin" time="15.090"/>
  <system-out/>
  <testcase classname="pageObjectsTests.LoginToApp" name="loginToApp_incorrectCredentials_failedLogin" time="11.043"/>
  <system-out/>
  <testcase classname="pageObjectsTests.LoginToApp" name="flakyTest" time="7.797">
    <skipped/>
  </testcase> <!-- flakyTest -->
  <system-out/>
  <testcase classname="pageObjectsTests.LoginToApp" name="loginToApp_correctCredentials_successfulLogin3" time="7.721"/>
  <system-out/>
</testsuite> <!-- pageObjectsTests.LoginToApp -->
